<?xml version="1.0" encoding="UTF-8"?>
<!-- Generated by org.testng.reporters.JUnitXMLReporter -->
<testsuite ignored="1" hostname="DESKTOP-H2ULFNK" failures="1" tests="6" name="ChromeTest" time="35.1" errors="0" timestamp="2020-09-25T08:42:42 IST">
  <testcase classname="CrossBrowser" name="AccountTest" time="0.09"/>
  <testcase classname="CrossBrowser" name="AccountTest" time="0.004"/>
  <testcase classname="CrossBrowser" name="AccountTest" time="0.003"/>
  <testcase classname="CrossBrowser" name="ClickLogo" time="3.637"/>
  <testcase classname="CrossBrowser" name="FailDemo" time="0.007">
    <failure type="java.lang.AssertionError" message="expected [true] but found [false]">
      <![CDATA[java.lang.AssertionError: expected [true] but found [false]
at CrossBrowser.FailDemo(CrossBrowser.java:63)
at java.base/java.util.ArrayList.forEach(ArrayList.java:1540)
at java.base/java.util.concurrent.FutureTask.run(FutureTask.java:264)
at java.base/java.util.concurrent.ThreadPoolExecutor.runWorker(ThreadPoolExecutor.java:1128)
at java.base/java.util.concurrent.ThreadPoolExecutor$Worker.run(ThreadPoolExecutor.java:628)
at java.base/java.lang.Thread.run(Thread.java:834)
... Removed 22 stack frames]]>
    </failure>
  </testcase> <!-- FailDemo -->
  <testcase classname="CrossBrowser" name="SkipTest" time="0.005">
    <skipped/>
  </testcase> <!-- SkipTest -->
  <testcase classname="CrossBrowser" name="SkipTest1" time="0.0">
    <ignored/>
  </testcase> <!-- SkipTest1 -->
</testsuite> <!-- ChromeTest -->
