<?xml version="1.0" encoding="UTF-8"?>
<!-- Generated by org.testng.reporters.JUnitXMLReporter -->
<testsuite ignored="3" hostname="DESKTOP-H2ULFNK" failures="1" tests="2" name="FireFoxTest(failed)(failed)" time="38.853" errors="0" timestamp="2020-09-25T08:48:00 IST">
  <testcase classname="CrossBrowser" name="SkipTest" time="0.003">
    <skipped/>
  </testcase> <!-- SkipTest -->
  <testcase classname="CrossBrowser" name="FailDemo" time="0.005">
    <failure type="java.lang.AssertionError" message="expected [true] but found [false]">
      <![CDATA[java.lang.AssertionError: expected [true] but found [false]
at CrossBrowser.FailDemo(CrossBrowser.java:63)
at java.base/java.util.ArrayList.forEach(ArrayList.java:1540)
at java.base/java.util.concurrent.FutureTask.run(FutureTask.java:264)
at java.base/java.util.concurrent.ThreadPoolExecutor.runWorker(ThreadPoolExecutor.java:1128)
at java.base/java.util.concurrent.ThreadPoolExecutor$Worker.run(ThreadPoolExecutor.java:628)
at java.base/java.lang.Thread.run(Thread.java:834)
... Removed 22 stack frames]]>
    </failure>
  </testcase> <!-- FailDemo -->
  <testcase classname="CrossBrowser" name="AccountTest" time="0.0">
    <ignored/>
  </testcase> <!-- AccountTest -->
  <testcase classname="CrossBrowser" name="ClickLogo" time="0.0">
    <ignored/>
  </testcase> <!-- ClickLogo -->
  <testcase classname="CrossBrowser" name="SkipTest1" time="0.0">
    <ignored/>
  </testcase> <!-- SkipTest1 -->
</testsuite> <!-- FireFoxTest(failed)(failed) -->
